\BOOKMARK [1][-]{section.1}{Introducción}{}% 1
\BOOKMARK [1][-]{section.2}{Qué es una VPN}{}% 2
\BOOKMARK [1][-]{section.3}{Instalación de infraestructura VPN mediante OpenVPN}{}% 3
\BOOKMARK [2][-]{subsection.3.1}{OpenVPN}{section.3}% 4
\BOOKMARK [2][-]{subsection.3.2}{Antes\040de\040instalar}{section.3}% 5
\BOOKMARK [2][-]{subsection.3.3}{Preparación}{section.3}% 6
\BOOKMARK [3][-]{subsubsection.3.3.1}{Servidor\040VPN}{subsection.3.3}% 7
\BOOKMARK [3][-]{subsubsection.3.3.2}{Entidad\040certificadora}{subsection.3.3}% 8
\BOOKMARK [3][-]{subsubsection.3.3.3}{Cortafuegos básico}{subsection.3.3}% 9
\BOOKMARK [2][-]{subsection.3.4}{Instalación de servicios}{section.3}% 10
\BOOKMARK [2][-]{subsection.3.5}{Configuración de la entidad certificadora}{section.3}% 11
\BOOKMARK [2][-]{subsection.3.6}{Generación y firmado del certificado del servidor}{section.3}% 12
\BOOKMARK [2][-]{subsection.3.7}{Generación del certificado y las claves del cliente}{section.3}% 13
\BOOKMARK [2][-]{subsection.3.8}{Configuración del servicio OpenVPN}{section.3}% 14
\BOOKMARK [3][-]{subsubsection.3.8.1}{Configuración básica}{subsection.3.8}% 15
\BOOKMARK [3][-]{subsubsection.3.8.2}{Configuración opcional}{subsection.3.8}% 16
\BOOKMARK [2][-]{subsection.3.9}{Configuración de red del servidor}{section.3}% 17
\BOOKMARK [2][-]{subsection.3.10}{Iniciar\040y\040habilitar\040el\040servicio\040OpenVPN}{section.3}% 18
\BOOKMARK [2][-]{subsection.3.11}{Creación de la infraestructura de la configuración de clientes}{section.3}% 19
\BOOKMARK [2][-]{subsection.3.12}{Generación de configuración de clientes}{section.3}% 20
\BOOKMARK [2][-]{subsection.3.13}{Instalación de la configuración del cliente}{section.3}% 21
\BOOKMARK [2][-]{subsection.3.14}{GNU/Linux}{section.3}% 22
\BOOKMARK [3][-]{subsubsection.3.14.1}{Android}{subsection.3.14}% 23
\BOOKMARK [1][-]{section.4}{Aplicaciones\040a\040centros\040de\040datos\040y\040seguridad}{}% 24
